<?xml version="1.0" encoding="UTF-8"?>
<!-- Generated by org.testng.reporters.JUnitReportReporter -->
<testsuite hostname="QSP" failures="0" tests="1" name="Scripts.AddingProductTocart" time="33.068" errors="0" timestamp="2021-04-08T08:29:46 IST" skipped="0">
  <testcase classname="Scripts.AddingProductTocart" name="cart" time="33.068"/>
</testsuite> <!-- Scripts.AddingProductTocart -->
