<?xml version="1.0" encoding="UTF-8"?>
<!-- Generated by org.testng.reporters.JUnitReportReporter -->
<testsuite hostname="QSP" failures="0" tests="1" name="Scripts.Sendingdetails" time="24.060" errors="0" timestamp="2021-04-08T08:29:46 IST" skipped="0">
  <testcase classname="Scripts.Sendingdetails" name="contactdetails" time="24.060"/>
</testsuite> <!-- Scripts.Sendingdetails -->
